<?xml version="1.0" encoding="UTF-8"?>
<coverage generated="1624570178994" clover="3.2.0">
  <project timestamp="1624570178995" name="All files">
    <metrics statements="24" coveredstatements="18" conditionals="4" coveredconditionals="2" methods="12" coveredmethods="5" elements="40" coveredelements="25" complexity="0" loc="24" ncloc="24" packages="1" files="3" classes="3"/>
    <file name="TestForJest.ts" path="C:\Users\lbercik\Desktop\GIT\ProgramowanieAplikacjiWebowych\Lab4\src\TestForJest.ts">
      <metrics statements="7" coveredstatements="7" conditionals="2" coveredconditionals="1" methods="3" coveredmethods="3"/>
      <line num="2" count="1" type="stmt"/>
      <line num="4" count="1" type="stmt"/>
      <line num="5" count="1" type="stmt"/>
      <line num="9" count="4" type="stmt"/>
      <line num="13" count="1" type="stmt"/>
      <line num="14" count="1" type="cond" truecount="1" falsecount="1"/>
      <line num="15" count="1" type="stmt"/>
    </file>
    <file name="appFirebase.ts" path="C:\Users\lbercik\Desktop\GIT\ProgramowanieAplikacjiWebowych\Lab4\src\appFirebase.ts">
      <metrics statements="15" coveredstatements="9" conditionals="2" coveredconditionals="1" methods="9" coveredmethods="2"/>
      <line num="1" count="1" type="stmt"/>
      <line num="2" count="1" type="stmt"/>
      <line num="5" count="1" type="stmt"/>
      <line num="11" count="1" type="cond" truecount="1" falsecount="1"/>
      <line num="12" count="1" type="stmt"/>
      <line num="14" count="0" type="stmt"/>
      <line num="16" count="1" type="stmt"/>
      <line num="21" count="1" type="stmt"/>
      <line num="22" count="1" type="stmt"/>
      <line num="23" count="1" type="stmt"/>
      <line num="29" count="0" type="stmt"/>
      <line num="34" count="0" type="stmt"/>
      <line num="39" count="0" type="stmt"/>
      <line num="44" count="0" type="stmt"/>
      <line num="46" count="0" type="stmt"/>
    </file>
    <file name="config.ts" path="C:\Users\lbercik\Desktop\GIT\ProgramowanieAplikacjiWebowych\Lab4\src\config.ts">
      <metrics statements="2" coveredstatements="2" conditionals="0" coveredconditionals="0" methods="0" coveredmethods="0"/>
      <line num="1" count="1" type="stmt"/>
      <line num="10" count="1" type="stmt"/>
    </file>
  </project>
</coverage>
