{"C:\\Users\\lbercik\\Desktop\\GIT\\ProgramowanieAplikacjiWebowych\\Lab4\\src\\TestForJest.ts": {"path":"C:\\Users\\lbercik\\Desktop\\GIT\\ProgramowanieAplikacjiWebowych\\Lab4\\src\\TestForJest.ts","statementMap":{"0":{"start":{"line":4,"column":16},"end":{"line":4,"column":24}},"1":{"start":{"line":5,"column":8},"end":{"line":5,"column":null}},"2":{"start":{"line":9,"column":8},"end":{"line":9,"column":null}},"3":{"start":{"line":13,"column":20},"end":{"line":13,"column":35}},"4":{"start":{"line":14,"column":8},"end":{"line":15,"column":null}},"5":{"start":{"line":15,"column":12},"end":{"line":15,"column":null}},"6":{"start":{"line":2,"column":0},"end":{"line":2,"column":13}}},"fnMap":{"0":{"name":"(anonymous_0)","decl":{"start":{"line":3,"column":4},"end":{"line":3,"column":8}},"loc":{"start":{"line":3,"column":22},"end":{"line":6,"column":5}}},"1":{"name":"(anonymous_1)","decl":{"start":{"line":8,"column":4},"end":{"line":8,"column":9}},"loc":{"start":{"line":8,"column":24},"end":{"line":10,"column":5}}},"2":{"name":"(anonymous_2)","decl":{"start":{"line":12,"column":4},"end":{"line":12,"column":11}},"loc":{"start":{"line":12,"column":21},"end":{"line":16,"column":5}}}},"branchMap":{"0":{"loc":{"start":{"line":14,"column":8},"end":{"line":15,"column":null}},"type":"if","locations":[{"start":{"line":14,"column":8},"end":{"line":15,"column":null}},{"start":{"line":14,"column":8},"end":{"line":15,"column":null}}]}},"s":{"0":1,"1":1,"2":4,"3":1,"4":1,"5":1,"6":1},"f":{"0":1,"1":4,"2":1},"b":{"0":[1,0]}}
,"C:\\Users\\lbercik\\Desktop\\GIT\\ProgramowanieAplikacjiWebowych\\Lab4\\src\\appFirebase.ts": {"path":"C:\\Users\\lbercik\\Desktop\\GIT\\ProgramowanieAplikacjiWebowych\\Lab4\\src\\appFirebase.ts","statementMap":{"0":{"start":{"line":1,"column":0},"end":{"line":1,"column":32}},"1":{"start":{"line":2,"column":0},"end":{"line":2,"column":42}},"2":{"start":{"line":11,"column":8},"end":{"line":15,"column":null}},"3":{"start":{"line":12,"column":12},"end":{"line":12,"column":72}},"4":{"start":{"line":14,"column":12},"end":{"line":14,"column":48}},"5":{"start":{"line":16,"column":8},"end":{"line":16,"column":49}},"6":{"start":{"line":21,"column":8},"end":{"line":21,"column":52}},"7":{"start":{"line":22,"column":22},"end":{"line":22,"column":33}},"8":{"start":{"line":23,"column":8},"end":{"line":23,"column":21}},"9":{"start":{"line":29,"column":8},"end":{"line":29,"column":59}},"10":{"start":{"line":34,"column":8},"end":{"line":34,"column":63}},"11":{"start":{"line":39,"column":8},"end":{"line":39,"column":null}},"12":{"start":{"line":39,"column":76},"end":{"line":39,"column":86}},"13":{"start":{"line":44,"column":27},"end":{"line":44,"column":123}},"14":{"start":{"line":44,"column":87},"end":{"line":44,"column":121}},"15":{"start":{"line":46,"column":8},"end":{"line":46,"column":85}},"16":{"start":{"line":46,"column":50},"end":{"line":46,"column":82}},"17":{"start":{"line":5,"column":0},"end":{"line":5,"column":13}}},"fnMap":{"0":{"name":"(anonymous_7)","decl":{"start":{"line":9,"column":4},"end":{"line":9,"column":null}},"loc":{"start":{"line":9,"column":4},"end":{"line":17,"column":5}}},"1":{"name":"(anonymous_8)","decl":{"start":{"line":20,"column":10},"end":{"line":20,"column":17}},"loc":{"start":{"line":20,"column":35},"end":{"line":25,"column":null}}},"2":{"name":"(anonymous_10)","decl":{"start":{"line":28,"column":10},"end":{"line":28,"column":20}},"loc":{"start":{"line":28,"column":31},"end":{"line":30,"column":null}}},"3":{"name":"(anonymous_12)","decl":{"start":{"line":33,"column":10},"end":{"line":33,"column":20}},"loc":{"start":{"line":33,"column":50},"end":{"line":35,"column":null}}},"4":{"name":"(anonymous_14)","decl":{"start":{"line":38,"column":10},"end":{"line":38,"column":17}},"loc":{"start":{"line":38,"column":28},"end":{"line":40,"column":null}}},"5":{"name":"(anonymous_16)","decl":{"start":{"line":39,"column":62},"end":{"line":39,"column":63}},"loc":{"start":{"line":39,"column":76},"end":{"line":39,"column":86}}},"6":{"name":"(anonymous_17)","decl":{"start":{"line":42,"column":10},"end":{"line":42,"column":18}},"loc":{"start":{"line":42,"column":18},"end":{"line":48,"column":null}}},"7":{"name":"(anonymous_19)","decl":{"start":{"line":44,"column":72},"end":{"line":44,"column":73}},"loc":{"start":{"line":44,"column":87},"end":{"line":44,"column":121}}},"8":{"name":"(anonymous_20)","decl":{"start":{"line":46,"column":35},"end":{"line":46,"column":36}},"loc":{"start":{"line":46,"column":50},"end":{"line":46,"column":82}}}},"branchMap":{"0":{"loc":{"start":{"line":11,"column":8},"end":{"line":15,"column":null}},"type":"if","locations":[{"start":{"line":11,"column":8},"end":{"line":15,"column":null}},{"start":{"line":11,"column":8},"end":{"line":15,"column":null}}]}},"s":{"0":1,"1":1,"2":1,"3":1,"4":0,"5":1,"6":1,"7":1,"8":1,"9":0,"10":0,"11":0,"12":0,"13":0,"14":0,"15":0,"16":0,"17":1},"f":{"0":1,"1":1,"2":0,"3":0,"4":0,"5":0,"6":0,"7":0,"8":0},"b":{"0":[1,0]}}
,"C:\\Users\\lbercik\\Desktop\\GIT\\ProgramowanieAplikacjiWebowych\\Lab4\\src\\config.ts": {"path":"C:\\Users\\lbercik\\Desktop\\GIT\\ProgramowanieAplikacjiWebowych\\Lab4\\src\\config.ts","statementMap":{"0":{"start":{"line":1,"column":13},"end":{"line":8,"column":2}},"1":{"start":{"line":10,"column":13},"end":{"line":10,"column":37}}},"fnMap":{},"branchMap":{},"s":{"0":1,"1":1},"f":{},"b":{}}
}
