TN:
SF:src\TestForJest.ts
FN:3,(anonymous_0)
FN:8,(anonymous_1)
FN:12,(anonymous_2)
FNF:3
FNH:3
FNDA:1,(anonymous_0)
FNDA:4,(anonymous_1)
FNDA:1,(anonymous_2)
DA:2,1
DA:4,1
DA:5,1
DA:9,4
DA:13,1
DA:14,1
DA:15,1
LF:7
LH:7
BRDA:14,0,0,1
BRDA:14,0,1,0
BRF:2
BRH:1
end_of_record
TN:
SF:src\appFirebase.ts
FN:9,(anonymous_7)
FN:20,(anonymous_8)
FN:28,(anonymous_10)
FN:33,(anonymous_12)
FN:38,(anonymous_14)
FN:39,(anonymous_16)
FN:42,(anonymous_17)
FN:44,(anonymous_19)
FN:46,(anonymous_20)
FNF:9
FNH:2
FNDA:1,(anonymous_7)
FNDA:1,(anonymous_8)
FNDA:0,(anonymous_10)
FNDA:0,(anonymous_12)
FNDA:0,(anonymous_14)
FNDA:0,(anonymous_16)
FNDA:0,(anonymous_17)
FNDA:0,(anonymous_19)
FNDA:0,(anonymous_20)
DA:1,1
DA:2,1
DA:5,1
DA:11,1
DA:12,1
DA:14,0
DA:16,1
DA:21,1
DA:22,1
DA:23,1
DA:29,0
DA:34,0
DA:39,0
DA:44,0
DA:46,0
LF:15
LH:9
BRDA:11,0,0,1
BRDA:11,0,1,0
BRF:2
BRH:1
end_of_record
TN:
SF:src\config.ts
FNF:0
FNH:0
DA:1,1
DA:10,1
LF:2
LH:2
BRF:0
BRH:0
end_of_record
